Line 93: Class ShockwaveFlashObjectsCtl.ShockwaveFlash of control SBEMAIL was not a loaded control class.
Line 125: Class ShockwaveFlashObjectsCtl.ShockwaveFlash of control SBEMAIL100 was not a loaded control class.
Line 99: The property name _cx in SBEMAIL is invalid.
Line 100: The property name _cy in SBEMAIL is invalid.
Line 101: The property name FlashVars in SBEMAIL is invalid.
Line 102: The property name Movie in SBEMAIL is invalid.
Line 103: The property name Src in SBEMAIL is invalid.
Line 104: The property name WMode in SBEMAIL is invalid.
Line 105: The property name Play in SBEMAIL is invalid.
Line 106: The property name Loop in SBEMAIL is invalid.
Line 107: The property name Quality in SBEMAIL is invalid.
Line 108: The property name SAlign in SBEMAIL is invalid.
Line 109: The property name Menu in SBEMAIL is invalid.
Line 110: The property name Base in SBEMAIL is invalid.
Line 111: The property name AllowScriptAccess in SBEMAIL is invalid.
Line 112: The property name Scale in SBEMAIL is invalid.
Line 113: The property name DeviceFont in SBEMAIL is invalid.
Line 114: The property name EmbedMovie in SBEMAIL is invalid.
Line 115: The property name BGColor in SBEMAIL is invalid.
Line 116: The property name SWRemote in SBEMAIL is invalid.
Line 117: The property name MovieData in SBEMAIL is invalid.
Line 118: The property name SeamlessTabbing in SBEMAIL is invalid.
Line 119: The property name Profile in SBEMAIL is invalid.
Line 120: The property name ProfileAddress in SBEMAIL is invalid.
Line 121: The property name ProfilePort in SBEMAIL is invalid.
Line 122: The property name AllowNetworking in SBEMAIL is invalid.
Line 123: The property name AllowFullScreen in SBEMAIL is invalid.
Line 131: The property name _cx in SBEMAIL100 is invalid.
Line 132: The property name _cy in SBEMAIL100 is invalid.
Line 133: The property name FlashVars in SBEMAIL100 is invalid.
Line 134: The property name Movie in SBEMAIL100 is invalid.
Line 135: The property name Src in SBEMAIL100 is invalid.
Line 136: The property name WMode in SBEMAIL100 is invalid.
Line 137: The property name Play in SBEMAIL100 is invalid.
Line 138: The property name Loop in SBEMAIL100 is invalid.
Line 139: The property name Quality in SBEMAIL100 is invalid.
Line 140: The property name SAlign in SBEMAIL100 is invalid.
Line 141: The property name Menu in SBEMAIL100 is invalid.
Line 142: The property name Base in SBEMAIL100 is invalid.
Line 143: The property name AllowScriptAccess in SBEMAIL100 is invalid.
Line 144: The property name Scale in SBEMAIL100 is invalid.
Line 145: The property name DeviceFont in SBEMAIL100 is invalid.
Line 146: The property name EmbedMovie in SBEMAIL100 is invalid.
Line 147: The property name BGColor in SBEMAIL100 is invalid.
Line 148: The property name SWRemote in SBEMAIL100 is invalid.
Line 149: The property name MovieData in SBEMAIL100 is invalid.
Line 150: The property name SeamlessTabbing in SBEMAIL100 is invalid.
Line 151: The property name Profile in SBEMAIL100 is invalid.
Line 152: The property name ProfileAddress in SBEMAIL100 is invalid.
Line 153: The property name ProfilePort in SBEMAIL100 is invalid.
Line 154: The property name AllowNetworking in SBEMAIL100 is invalid.
Line 155: The property name AllowFullScreen in SBEMAIL100 is invalid.
